<?xml version="1.0" encoding="UTF-8"?>

<mule xmlns:sfdc="http://www.mulesoft.org/schema/mule/sfdc" xmlns:json="http://www.mulesoft.org/schema/mule/json" xmlns="http://www.mulesoft.org/schema/mule/core" xmlns:doc="http://www.mulesoft.org/schema/mule/documentation" xmlns:spring="http://www.springframework.org/schema/beans" version="EE-3.5.0" xmlns:xsi="http://www.w3.org/2001/XMLSchema-instance" xsi:schemaLocation="http://www.springframework.org/schema/beans http://www.springframework.org/schema/beans/spring-beans-current.xsd
http://www.mulesoft.org/schema/mule/core http://www.mulesoft.org/schema/mule/core/current/mule.xsd
http://www.mulesoft.org/schema/mule/sfdc http://www.mulesoft.org/schema/mule/sfdc/current/mule-sfdc.xsd
http://www.mulesoft.org/schema/mule/json http://www.mulesoft.org/schema/mule/json/current/mule-json.xsd">
    
    <spring:beans>
		<spring:bean class="org.mule.kicks.schedule.PollSchedulerFactoryPostProcessor"/>
	</spring:beans>
    
    <sub-flow name="createContactFlowA" doc:name="createContactFlowA">
        <sfdc:create config-ref="SalesforceA" type="Contact" doc:name="Salesforce">
            <sfdc:objects ref="#[payload]"/>
        </sfdc:create>
        <logger level="INFO" message="Create Contacts in A result: #[payload]"/>
    </sub-flow>
    <sub-flow name="createContactFlowB" doc:name="createContactFlowB">
        <sfdc:create config-ref="SalesforceB" type="Contact" doc:name="Salesforce">
            <sfdc:objects ref="#[payload]"/>
        </sfdc:create>
        <logger level="INFO" message="Create Contacts in B result: #[payload]"/>
    </sub-flow>
    <sub-flow name="retrieveContactFlow" doc:name="retrieveContactFlow">
        <sfdc:query-single config-ref="SalesforceB" query="SELECT Id, FirstName, LastName, Email, MailingCountry FROM Contact WHERE Email = '#[payload['Email']]'" doc:name="Salesforce"/>
        <logger level="INFO" message="Retrieve Contacts result: #[payload]"/>
    </sub-flow>
    <sub-flow name="deleteContactFromAFlow" doc:name="deleteContactFromAFlow">
        <sfdc:delete config-ref="SalesforceA" doc:name="Salesforce">
            <sfdc:ids ref="#[payload]"/>
        </sfdc:delete>
        <logger level="INFO" message="Remove Contacts from A result: #[payload]"/>
    </sub-flow>
    <sub-flow name="deleteContactFromBFlow" doc:name="deleteContactFromBFlow">
        <sfdc:delete config-ref="SalesforceB" doc:name="Salesforce">
            <sfdc:ids ref="#[payload]"/>
        </sfdc:delete>
        <logger level="INFO" message="Remove Contacts from B result: #[payload]"/>
    </sub-flow>
</mule>